TN:
SF:src/components/Card/card.tsx
FN:16,(anonymous_0)
FNF:1
FNH:1
FNDA:3,(anonymous_0)
DA:2,1
DA:3,1
DA:4,1
DA:6,1
DA:7,1
DA:14,1
DA:16,1
DA:17,3
DA:19,3
DA:23,3
LF:10
LH:10
BRDA:26,0,0,3
BRDA:26,0,1,0
BRDA:27,1,0,3
BRDA:27,1,1,0
BRDA:28,2,0,3
BRDA:28,2,1,3
BRF:6
BRH:4
end_of_record
TN:
SF:src/components/Header/header.tsx
FN:7,Header
FN:9,(anonymous_1)
FNF:2
FNH:2
FNDA:2,Header
FNDA:1,(anonymous_1)
DA:1,1
DA:2,1
DA:3,1
DA:4,1
DA:5,1
DA:8,2
DA:9,2
DA:10,1
DA:11,1
DA:12,1
DA:15,2
DA:28,1
LF:12
LH:12
BRDA:11,0,0,1
BRDA:11,0,1,0
BRDA:12,1,0,1
BRDA:12,1,1,0
BRDA:20,2,0,2
BRDA:20,2,1,0
BRDA:21,3,0,2
BRDA:21,3,1,0
BRF:8
BRH:4
end_of_record
TN:
SF:src/components/Image/image.tsx
FN:10,(anonymous_0)
FNF:1
FNH:1
FNDA:5,(anonymous_0)
DA:1,2
DA:2,2
DA:3,2
DA:4,2
DA:10,2
DA:11,5
DA:13,5
DA:14,5
DA:16,5
LF:9
LH:9
BRDA:18,0,0,5
BRDA:18,0,1,5
BRDA:22,1,0,0
BRDA:22,1,1,5
BRF:4
BRH:3
end_of_record
TN:
SF:src/components/Input/input.tsx
FN:10,(anonymous_0)
FN:13,(anonymous_1)
FN:21,(anonymous_2)
FNF:3
FNH:2
FNDA:3,(anonymous_0)
FNDA:0,(anonymous_1)
FNDA:3,(anonymous_2)
DA:1,1
DA:2,1
DA:10,1
DA:11,3
DA:13,3
DA:14,0
DA:16,3
DA:21,3
DA:22,3
DA:25,3
LF:10
LH:9
BRF:0
BRH:0
end_of_record
TN:
SF:src/components/Layout/index.tsx
FN:8,(anonymous_0)
FNF:1
FNH:1
FNDA:2,(anonymous_0)
DA:2,1
DA:8,1
DA:9,2
DA:16,1
LF:4
LH:4
BRF:0
BRH:0
end_of_record
TN:
SF:src/components/PokeLoader/poke-loader.tsx
FN:13,(anonymous_0)
FN:20,(anonymous_1)
FN:29,(anonymous_2)
FNF:3
FNH:3
FNDA:7,(anonymous_0)
FNDA:1,(anonymous_1)
FNDA:10,(anonymous_2)
DA:2,3
DA:9,3
DA:13,3
DA:15,7
DA:20,3
DA:22,1
DA:29,3
DA:30,10
DA:72,3
DA:74,3
LF:10
LH:10
BRF:0
BRH:0
end_of_record
TN:
SF:src/components/PokemonStats/pokemon-stats.tsx
FN:14,(anonymous_0)
FN:20,(anonymous_1)
FNF:2
FNH:2
FNDA:3,(anonymous_0)
FNDA:9,(anonymous_1)
DA:3,1
DA:14,1
DA:15,3
DA:17,3
DA:21,9
LF:5
LH:5
BRF:0
BRH:0
end_of_record
TN:
SF:src/components/PokemonTypes/pokemon-types.tsx
FN:10,(anonymous_0)
FN:20,(anonymous_1)
FN:24,(anonymous_2)
FNF:3
FNH:3
FNDA:3,(anonymous_0)
FNDA:2,(anonymous_1)
FNDA:5,(anonymous_2)
DA:3,1
DA:10,1
DA:11,3
DA:13,2
DA:21,2
DA:30,5
LF:6
LH:6
BRF:0
BRH:0
end_of_record
TN:
SF:src/components/TypeIcon/type-icon.tsx
FN:30,(anonymous_0)
FNF:1
FNH:1
FNDA:9,(anonymous_0)
DA:30,2
DA:31,9
DA:32,9
DA:188,9
LF:4
LH:4
BRF:0
BRH:0
end_of_record
TN:
SF:src/contexts/theme-context.ts
FN:11,(anonymous_0)
FNF:1
FNH:0
FNDA:0,(anonymous_0)
DA:1,1
DA:8,1
LF:2
LH:2
BRF:0
BRH:0
end_of_record
TN:
SF:src/utils/helpers.ts
FN:1,(anonymous_0)
FN:21,(anonymous_1)
FN:22,(anonymous_2)
FN:33,(anonymous_3)
FN:34,(anonymous_4)
FN:45,(anonymous_5)
FN:48,(anonymous_6)
FN:52,(anonymous_7)
FN:56,(anonymous_8)
FN:65,(anonymous_9)
FN:69,(anonymous_10)
FNF:11
FNH:11
FNDA:5,(anonymous_0)
FNDA:2,(anonymous_1)
FNDA:7,(anonymous_2)
FNDA:11,(anonymous_3)
FNDA:15,(anonymous_4)
FNDA:10,(anonymous_5)
FNDA:11,(anonymous_6)
FNDA:1,(anonymous_7)
FNDA:1,(anonymous_8)
FNDA:1,(anonymous_9)
FNDA:9,(anonymous_10)
DA:1,2
DA:2,5
DA:3,1
DA:6,4
DA:7,1
DA:10,3
DA:11,1
DA:14,2
DA:15,1
DA:18,1
DA:21,2
DA:22,7
DA:26,2
DA:27,1
DA:30,1
DA:33,2
DA:34,15
DA:38,11
DA:39,1
DA:41,10
DA:45,2
DA:46,10
DA:48,11
DA:52,2
DA:53,1
DA:56,2
DA:57,1
DA:58,1
DA:60,1
DA:62,1
DA:65,2
DA:66,1
DA:69,2
DA:70,9
LF:34
LH:34
BRDA:2,0,0,1
BRDA:6,1,0,1
BRDA:10,2,0,1
BRDA:10,3,0,3
BRDA:10,3,1,1
BRDA:14,4,0,1
BRDA:22,5,0,2
BRDA:22,5,1,0
BRDA:26,6,0,1
BRDA:26,7,0,2
BRDA:26,7,1,1
BRDA:26,7,2,1
BRDA:34,8,0,11
BRDA:34,8,1,0
BRDA:38,9,0,1
BRDA:38,9,1,10
BRF:16
BRH:14
end_of_record
TN:
SF:src/utils/api/pokeapi.ts
FN:8,(anonymous_0)
FN:16,(anonymous_1)
FNF:2
FNH:1
FNDA:1,(anonymous_0)
FNDA:0,(anonymous_1)
DA:1,1
DA:4,1
DA:8,1
DA:12,1
DA:13,0
DA:16,1
DA:17,0
DA:18,0
LF:8
LH:5
BRF:0
BRH:0
end_of_record
TN:
SF:src/utils/hooks/load-images.ts
FN:3,(anonymous_0)
FN:6,(anonymous_1)
FN:15,(anonymous_2)
FN:17,(anonymous_3)
FN:22,(anonymous_4)
FN:27,(anonymous_5)
FN:28,(anonymous_6)
FNF:7
FNH:5
FNDA:3,(anonymous_0)
FNDA:3,(anonymous_1)
FNDA:0,(anonymous_2)
FNDA:0,(anonymous_3)
FNDA:3,(anonymous_4)
FNDA:3,(anonymous_5)
FNDA:3,(anonymous_6)
DA:1,1
DA:3,1
DA:4,3
DA:6,3
DA:7,3
DA:10,3
DA:11,0
DA:12,0
DA:15,3
DA:16,0
DA:17,0
DA:19,0
DA:22,3
DA:23,3
DA:24,3
DA:27,3
DA:28,3
DA:29,3
DA:30,3
DA:35,3
LF:20
LH:15
BRDA:8,0,0,3
BRDA:8,0,1,0
BRDA:10,1,0,0
BRF:3
BRH:1
end_of_record
TN:
SF:src/utils/hooks/mock.data.ts
FNF:0
FNH:0
DA:1,1
LF:1
LH:1
BRF:0
BRH:0
end_of_record
TN:
SF:src/utils/hooks/pokemons.ts
FN:8,(anonymous_0)
FN:12,(anonymous_1)
FN:19,(anonymous_2)
FN:22,(anonymous_3)
FN:38,(anonymous_4)
FN:47,(anonymous_5)
FN:48,(anonymous_6)
FN:55,(anonymous_7)
FN:81,(anonymous_8)
FN:83,(anonymous_9)
FNF:10
FNH:8
FNDA:1,(anonymous_0)
FNDA:1,(anonymous_1)
FNDA:0,(anonymous_2)
FNDA:0,(anonymous_3)
FNDA:2,(anonymous_4)
FNDA:1,(anonymous_5)
FNDA:1,(anonymous_6)
FNDA:1,(anonymous_7)
FNDA:2,(anonymous_8)
FNDA:2,(anonymous_9)
DA:2,1
DA:3,1
DA:4,1
DA:6,1
DA:8,1
DA:10,1
DA:12,1
DA:19,1
DA:20,0
DA:22,0
DA:27,0
DA:38,1
DA:39,2
DA:41,2
DA:43,2
DA:47,2
DA:48,1
DA:49,1
DA:50,1
DA:51,1
DA:54,1
DA:55,1
DA:56,1
DA:57,1
DA:58,1
DA:59,1
DA:61,1
DA:62,0
DA:63,0
DA:66,0
DA:71,0
DA:73,1
DA:74,1
DA:78,1
DA:81,2
DA:82,2
DA:83,2
DA:84,2
DA:85,2
DA:90,2
LF:40
LH:33
BRDA:49,0,0,1
BRDA:49,1,0,1
BRDA:49,1,1,1
BRDA:49,1,2,1
BRDA:50,2,0,1
BRDA:50,3,0,1
BRDA:50,3,1,1
BRDA:58,4,0,1
BRDA:61,5,0,0
BRDA:61,6,0,1
BRDA:61,6,1,1
BRDA:82,7,0,2
BRDA:82,8,0,2
BRDA:82,8,1,2
BRDA:82,8,2,2
BRF:15
BRH:14
end_of_record
